# JRE version: OpenJDK Runtime Environment Corretto-17.0.12.7.1 (17.0.12+7) (build 17.0.12+7-LTS)
# Java VM: OpenJDK 64-Bit Server VM Corretto-17.0.12.7.1 (17.0.12+7-LTS, mixed mode, sharing, tiered, compressed oops, compressed class ptrs, g1 gc, windows-amd64)
GC Precious Log:
 CPUs: 24 total, 24 available
 Memory: 65349M
 Large Page Support: Disabled
 NUMA Support: Disabled
 Compressed Oops: Enabled (32-bit)
 Heap Region Size: 1M
 Heap Min Capacity: 256M
 Heap Initial Capacity: 256M
 Heap Max Capacity: 512M
 Pre-touch: Disabled
 Parallel Workers: 18
 Concurrent Workers: 5
 Concurrent Refinement Workers: 18
 Periodic GC: Disabled
Heap:
 garbage-first heap   total 262144K, used 188688K [0x00000000e0000000, 0x0000000100000000)
  region size 1024K, 164 young (167936K), 20 survivors (20480K)
 Metaspace       used 53837K, committed 54336K, reserved 393216K
  class space    used 7530K, committed 7744K, reserved 327680K
GC Heap History (15 events):
Event: 0.243 GC heap before
{Heap before GC invocations=0 (full 0):
 garbage-first heap   total 262144K, used 26624K [0x00000000e0000000, 0x0000000100000000)
  region size 1024K, 23 young (23552K), 0 survivors (0K)
 Metaspace       used 1843K, committed 1984K, reserved 393216K
  class space    used 180K, committed 256K, reserved 327680K
}
Event: 0.244 GC heap after
{Heap after GC invocations=1 (full 0):
 garbage-first heap   total 262144K, used 10709K [0x00000000e0000000, 0x0000000100000000)
  region size 1024K, 3 young (3072K), 3 survivors (3072K)
 Metaspace       used 1843K, committed 1984K, reserved 393216K
  class space    used 180K, committed 256K, reserved 327680K
}
Event: 0.477 GC heap before
{Heap before GC invocations=1 (full 0):
 garbage-first heap   total 262144K, used 38357K [0x00000000e0000000, 0x0000000100000000)
  region size 1024K, 30 young (30720K), 3 survivors (3072K)
 Metaspace       used 4144K, committed 4352K, reserved 393216K
  class space    used 508K, committed 640K, reserved 327680K
}
Event: 0.479 GC heap after
{Heap after GC invocations=2 (full 0):
 garbage-first heap   total 262144K, used 12249K [0x00000000e0000000, 0x0000000100000000)
  region size 1024K, 2 young (2048K), 2 survivors (2048K)
 Metaspace       used 4144K, committed 4352K, reserved 393216K
  class space    used 508K, committed 640K, reserved 327680K
}
Event: 1.388 GC heap before
{Heap before GC invocations=2 (full 0):
 garbage-first heap   total 262144K, used 144345K [0x00000000e0000000, 0x0000000100000000)
  region size 1024K, 130 young (133120K), 2 survivors (2048K)
 Metaspace       used 21117K, committed 21504K, reserved 393216K
  class space    used 3096K, committed 3264K, reserved 327680K
}
Event: 1.392 GC heap after
{Heap after GC invocations=3 (full 0):
 garbage-first heap   total 262144K, used 24001K [0x00000000e0000000, 0x0000000100000000)
  region size 1024K, 12 young (12288K), 12 survivors (12288K)
 Metaspace       used 21117K, committed 21504K, reserved 393216K
  class space    used 3096K, committed 3264K, reserved 327680K
}
Event: 2.229 GC heap before
{Heap before GC invocations=4 (full 0):
 garbage-first heap   total 262144K, used 145857K [0x00000000e0000000, 0x0000000100000000)
  region size 1024K, 128 young (131072K), 12 survivors (12288K)
 Metaspace       used 35595K, committed 35968K, reserved 393216K
  class space    used 4930K, committed 5120K, reserved 327680K
}
Event: 2.234 GC heap after
{Heap after GC invocations=5 (full 0):
 garbage-first heap   total 262144K, used 33618K [0x00000000e0000000, 0x0000000100000000)
  region size 1024K, 10 young (10240K), 10 survivors (10240K)
 Metaspace       used 35595K, committed 35968K, reserved 393216K
  class space    used 4930K, committed 5120K, reserved 327680K
}
Event: 2.246 GC heap before
{Heap before GC invocations=5 (full 0):
 garbage-first heap   total 262144K, used 35666K [0x00000000e0000000, 0x0000000100000000)
  region size 1024K, 12 young (12288K), 10 survivors (10240K)
 Metaspace       used 35796K, committed 36224K, reserved 393216K
  class space    used 4963K, committed 5184K, reserved 327680K
}
Event: 2.248 GC heap after
{Heap after GC invocations=6 (full 0):
 garbage-first heap   total 262144K, used 33974K [0x00000000e0000000, 0x0000000100000000)
  region size 1024K, 2 young (2048K), 2 survivors (2048K)
 Metaspace       used 35796K, committed 36224K, reserved 393216K
  class space    used 4963K, committed 5184K, reserved 327680K
}
Event: 2.253 GC heap before
{Heap before GC invocations=6 (full 0):
 garbage-first heap   total 262144K, used 34998K [0x00000000e0000000, 0x0000000100000000)
  region size 1024K, 4 young (4096K), 2 survivors (2048K)
 Metaspace       used 35890K, committed 36288K, reserved 393216K
  class space    used 4976K, committed 5184K, reserved 327680K
}
Event: 2.254 GC heap after
{Heap after GC invocations=7 (full 0):
 garbage-first heap   total 262144K, used 32928K [0x00000000e0000000, 0x0000000100000000)
  region size 1024K, 1 young (1024K), 1 survivors (1024K)
 Metaspace       used 35890K, committed 36288K, reserved 393216K
  class space    used 4976K, committed 5184K, reserved 327680K
}
Event: 3.092 GC heap before
{Heap before GC invocations=8 (full 0):
 garbage-first heap   total 262144K, used 189600K [0x00000000e0000000, 0x0000000100000000)
  region size 1024K, 153 young (156672K), 1 survivors (1024K)
 Metaspace       used 48967K, committed 49472K, reserved 393216K
  class space    used 7024K, committed 7296K, reserved 327680K
}
Event: 3.096 GC heap after
{Heap after GC invocations=9 (full 0):
 garbage-first heap   total 262144K, used 41232K [0x00000000e0000000, 0x0000000100000000)
  region size 1024K, 9 young (9216K), 9 survivors (9216K)
 Metaspace       used 48967K, committed 49472K, reserved 393216K
  class space    used 7024K, committed 7296K, reserved 327680K
}
Event: 3.998 GC heap before
{Heap before GC invocations=9 (full 0):
 garbage-first heap   total 262144K, used 188688K [0x00000000e0000000, 0x0000000100000000)
  region size 1024K, 153 young (156672K), 9 survivors (9216K)
 Metaspace       used 53837K, committed 54336K, reserved 393216K
  class space    used 7530K, committed 7744K, reserved 327680K
}

